

*******************************************************************************
Sat Jul 15 21:13:34 2023


FIT:    data read from 'unimr0.055.csv' using 1:2
        format = x:z
        x range restricted to [0.00000 : 0.200000]
        #datapoints = 200
        residuals are weighted equally (unit weight)

function used for fitting: f(x)
	f(x) = a*x**3 + b*x**2 + c*x + d
fitted parameters initialized with current variable values



*******************************************************************************
Sat Jul 15 21:13:45 2023


FIT:    data read from 'unimr0.055.csv' using 1:2
        format = x:z
        x range restricted to [0.00000 : 0.200000]
        #datapoints = 200
        residuals are weighted equally (unit weight)

function used for fitting: f(x)
	f(x) = a*x**3 + b*x**2 + c*x + d
fitted parameters initialized with current variable values

iter      chisq       delta/lim  lambda   a             b             c             d            
   0 2.4971065223e+02   0.00e+00  5.03e-01    1.000000e+00   1.000000e+00   1.000000e+00   1.000000e+00
   6 9.2530098151e-06  -8.37e-06  5.03e-07    1.115217e+00  -2.866220e-01   3.212380e-03   2.185225e-03

After 6 iterations the fit converged.
final sum of squares of residuals : 9.25301e-06
rel. change during last iteration : -8.36637e-11

degrees of freedom    (FIT_NDF)                        : 196
rms of residuals      (FIT_STDFIT) = sqrt(WSSR/ndf)    : 0.000217277
variance of residuals (reduced chisquare) = WSSR/ndf   : 4.72092e-08

Final set of parameters            Asymptotic Standard Error
=======================            ==========================
a               = 1.11522          +/- 0.1016       (9.114%)
b               = -0.286622        +/- 0.03107      (10.84%)
c               = 0.00321238       +/- 0.002692     (83.79%)
d               = 0.00218523       +/- 6.263e-05    (2.866%)

correlation matrix of the fit parameters:
                a      b      c      d      
a               1.000 
b              -0.986  1.000 
c               0.918 -0.969  1.000 
d              -0.669  0.752 -0.870  1.000 


*******************************************************************************
Sat Jul 15 21:15:22 2023


FIT:    data read from 'unimr0.055.csv' using 1:2
        format = x:z
        x range restricted to [0.00000 : 0.200000]
        #datapoints = 200
        residuals are weighted equally (unit weight)

function used for fitting: f(x)
	f(x) = a*x**3 + b*x**2 + c*x + d
fitted parameters initialized with current variable values

iter      chisq       delta/lim  lambda   a             b             c             d            
   0 2.4971065223e+02   0.00e+00  5.03e-01    1.000000e+00   1.000000e+00   1.000000e+00   1.000000e+00
   6 9.2530098151e-06  -8.37e-06  5.03e-07    1.115217e+00  -2.866220e-01   3.212380e-03   2.185225e-03

After 6 iterations the fit converged.
final sum of squares of residuals : 9.25301e-06
rel. change during last iteration : -8.36637e-11

degrees of freedom    (FIT_NDF)                        : 196
rms of residuals      (FIT_STDFIT) = sqrt(WSSR/ndf)    : 0.000217277
variance of residuals (reduced chisquare) = WSSR/ndf   : 4.72092e-08

Final set of parameters            Asymptotic Standard Error
=======================            ==========================
a               = 1.11522          +/- 0.1016       (9.114%)
b               = -0.286622        +/- 0.03107      (10.84%)
c               = 0.00321238       +/- 0.002692     (83.79%)
d               = 0.00218523       +/- 6.263e-05    (2.866%)

correlation matrix of the fit parameters:
                a      b      c      d      
a               1.000 
b              -0.986  1.000 
c               0.918 -0.969  1.000 
d              -0.669  0.752 -0.870  1.000 


*******************************************************************************
Sat Jul 15 21:18:21 2023


FIT:    data read from 'unimr0.055.csv' using 1:2
        format = x:z
        x range restricted to [0.00000 : 0.200000]
        #datapoints = 200
        residuals are weighted equally (unit weight)

function used for fitting: f(x)
	f(x) = a*x**3 + b*x**2 + c*x + d
fitted parameters initialized with current variable values

iter      chisq       delta/lim  lambda   a             b             c             d            
   0 2.4971450381e+02   0.00e+00  5.03e-01    1.000000e+00   1.000000e+00   1.000000e+00   1.000000e+00
   6 4.2790460870e-06  -7.66e-06  5.03e-07    9.620295e-01  -2.390497e-01  -5.417058e-04   2.223310e-03

After 6 iterations the fit converged.
final sum of squares of residuals : 4.27905e-06
rel. change during last iteration : -7.66245e-11

degrees of freedom    (FIT_NDF)                        : 196
rms of residuals      (FIT_STDFIT) = sqrt(WSSR/ndf)    : 0.000147756
variance of residuals (reduced chisquare) = WSSR/ndf   : 2.18319e-08

Final set of parameters            Asymptotic Standard Error
=======================            ==========================
a               = 0.96203          +/- 0.06912      (7.185%)
b               = -0.23905         +/- 0.02113      (8.84%)
c               = -0.000541706     +/- 0.00183      (337.9%)
d               = 0.00222331       +/- 4.259e-05    (1.916%)

correlation matrix of the fit parameters:
                a      b      c      d      
a               1.000 
b              -0.986  1.000 
c               0.918 -0.969  1.000 
d              -0.669  0.752 -0.870  1.000 


*******************************************************************************
Sat Jul 15 21:19:19 2023


FIT:    data read from 'unimr0.055.csv' using 1:2
        format = x:z
        x range restricted to [0.00000 : 0.200000]
        #datapoints = 200
        residuals are weighted equally (unit weight)

function used for fitting: f(x)
	f(x) = a*x**3 + b*x**2 + c*x + d
fitted parameters initialized with current variable values

iter      chisq       delta/lim  lambda   a             b             c             d            
   0 2.4971450381e+02   0.00e+00  5.03e-01    1.000000e+00   1.000000e+00   1.000000e+00   1.000000e+00
   6 4.2790460870e-06  -7.66e-06  5.03e-07    9.620295e-01  -2.390497e-01  -5.417058e-04   2.223310e-03

After 6 iterations the fit converged.
final sum of squares of residuals : 4.27905e-06
rel. change during last iteration : -7.66245e-11

degrees of freedom    (FIT_NDF)                        : 196
rms of residuals      (FIT_STDFIT) = sqrt(WSSR/ndf)    : 0.000147756
variance of residuals (reduced chisquare) = WSSR/ndf   : 2.18319e-08

Final set of parameters            Asymptotic Standard Error
=======================            ==========================
a               = 0.96203          +/- 0.06912      (7.185%)
b               = -0.23905         +/- 0.02113      (8.84%)
c               = -0.000541706     +/- 0.00183      (337.9%)
d               = 0.00222331       +/- 4.259e-05    (1.916%)

correlation matrix of the fit parameters:
                a      b      c      d      
a               1.000 
b              -0.986  1.000 
c               0.918 -0.969  1.000 
d              -0.669  0.752 -0.870  1.000 


*******************************************************************************
Sat Jul 15 21:21:43 2023


FIT:    data read from 'unimr0.055.csv' using 1:2
        format = x:z
        x range restricted to [0.00000 : 0.200000]
        #datapoints = 200
        residuals are weighted equally (unit weight)

function used for fitting: f(x)
	f(x) = a*x**2 + b*x + c
fitted parameters initialized with current variable values

iter      chisq       delta/lim  lambda   a             b             c            
   0 2.4875349296e+02   0.00e+00  5.81e-01    1.000000e+00   1.000000e+00   1.000000e+00
   5 8.5084262984e-06  -6.97e-05  5.81e-06    5.100222e-02  -2.392008e-02   2.619772e-03

After 5 iterations the fit converged.
final sum of squares of residuals : 8.50843e-06
rel. change during last iteration : -6.96577e-10

degrees of freedom    (FIT_NDF)                        : 197
rms of residuals      (FIT_STDFIT) = sqrt(WSSR/ndf)    : 0.000207822
variance of residuals (reduced chisquare) = WSSR/ndf   : 4.319e-08

Final set of parameters            Asymptotic Standard Error
=======================            ==========================
a               = 0.0510022        +/- 0.004929     (9.665%)
b               = -0.0239201       +/- 0.001023     (4.277%)
c               = 0.00261977       +/- 4.453e-05    (1.7%)

correlation matrix of the fit parameters:
                a      b      c      
a               1.000 
b              -0.969  1.000 
c               0.749 -0.868  1.000 


*******************************************************************************
Sat Jul 15 21:22:19 2023


FIT:    data read from 'unimr0.055.csv' using 1:2
        format = x:z
        x range restricted to [0.00000 : 0.200000]
        #datapoints = 200
        residuals are weighted equally (unit weight)

function used for fitting: f(x)
	f(x) = a*x**2 + b*x + c
fitted parameters initialized with current variable values

iter      chisq       delta/lim  lambda   a             b             c            
   0 2.4875349296e+02   0.00e+00  5.81e-01    1.000000e+00   1.000000e+00   1.000000e+00
   5 8.5084262984e-06  -6.97e-05  5.81e-06    5.100222e-02  -2.392008e-02   2.619772e-03

After 5 iterations the fit converged.
final sum of squares of residuals : 8.50843e-06
rel. change during last iteration : -6.96577e-10

degrees of freedom    (FIT_NDF)                        : 197
rms of residuals      (FIT_STDFIT) = sqrt(WSSR/ndf)    : 0.000207822
variance of residuals (reduced chisquare) = WSSR/ndf   : 4.319e-08

Final set of parameters            Asymptotic Standard Error
=======================            ==========================
a               = 0.0510022        +/- 0.004929     (9.665%)
b               = -0.0239201       +/- 0.001023     (4.277%)
c               = 0.00261977       +/- 4.453e-05    (1.7%)

correlation matrix of the fit parameters:
                a      b      c      
a               1.000 
b              -0.969  1.000 
c               0.749 -0.868  1.000 


*******************************************************************************
Sat Jul 15 21:22:37 2023


FIT:    data read from 'unimr0.055.csv' using 1:2
        format = x:z
        x range restricted to [0.00000 : 0.200000]
        #datapoints = 200
        residuals are weighted equally (unit weight)

function used for fitting: f(x)
	f(x) = a*x**2 + b*x + c
fitted parameters initialized with current variable values

iter      chisq       delta/lim  lambda   a             b             c            
   0 2.4875349296e+02   0.00e+00  5.81e-01    1.000000e+00   1.000000e+00   1.000000e+00
   5 8.5084262984e-06  -6.97e-05  5.81e-06    5.100222e-02  -2.392008e-02   2.619772e-03

After 5 iterations the fit converged.
final sum of squares of residuals : 8.50843e-06
rel. change during last iteration : -6.96577e-10

degrees of freedom    (FIT_NDF)                        : 197
rms of residuals      (FIT_STDFIT) = sqrt(WSSR/ndf)    : 0.000207822
variance of residuals (reduced chisquare) = WSSR/ndf   : 4.319e-08

Final set of parameters            Asymptotic Standard Error
=======================            ==========================
a               = 0.0510022        +/- 0.004929     (9.665%)
b               = -0.0239201       +/- 0.001023     (4.277%)
c               = 0.00261977       +/- 4.453e-05    (1.7%)

correlation matrix of the fit parameters:
                a      b      c      
a               1.000 
b              -0.969  1.000 
c               0.749 -0.868  1.000 


*******************************************************************************
Sat Jul 15 21:25:16 2023


FIT:    data read from sprintf('unimr0.0%d.csv', i) using 1:2
        format = x:z
        x range restricted to [0.00000 : 0.200000]
        #datapoints = 200
        residuals are weighted equally (unit weight)

function used for fitting: f(x)
	f(x) = a*x**2 + b*x + c
fitted parameters initialized with current variable values

iter      chisq       delta/lim  lambda   a             b             c            
   0 2.4875349296e+02   0.00e+00  5.81e-01    1.000000e+00   1.000000e+00   1.000000e+00
   5 8.5084262984e-06  -6.97e-05  5.81e-06    5.100222e-02  -2.392008e-02   2.619772e-03

After 5 iterations the fit converged.
final sum of squares of residuals : 8.50843e-06
rel. change during last iteration : -6.96577e-10

degrees of freedom    (FIT_NDF)                        : 197
rms of residuals      (FIT_STDFIT) = sqrt(WSSR/ndf)    : 0.000207822
variance of residuals (reduced chisquare) = WSSR/ndf   : 4.319e-08

Final set of parameters            Asymptotic Standard Error
=======================            ==========================
a               = 0.0510022        +/- 0.004929     (9.665%)
b               = -0.0239201       +/- 0.001023     (4.277%)
c               = 0.00261977       +/- 4.453e-05    (1.7%)

correlation matrix of the fit parameters:
                a      b      c      
a               1.000 
b              -0.969  1.000 
c               0.749 -0.868  1.000 


*******************************************************************************
Sat Jul 15 21:25:16 2023


FIT:    data read from sprintf('unimr0.0%d.csv', i) using 1:2
        format = x:z
        x range restricted to [0.00000 : 0.200000]
        #datapoints = 200
        residuals are weighted equally (unit weight)

function used for fitting: f(x)
	f(x) = a*x**2 + b*x + c
fitted parameters initialized with current variable values

iter      chisq       delta/lim  lambda   a             b             c            
   0 1.2998105570e-04   0.00e+00  2.27e-03    5.100222e-02  -2.392008e-02   2.619772e-03
   3 2.8539845930e-05  -3.28e-01  2.27e-06    1.393120e-02  -2.172393e-02   3.531828e-03

After 3 iterations the fit converged.
final sum of squares of residuals : 2.85398e-05
rel. change during last iteration : -3.27576e-06

degrees of freedom    (FIT_NDF)                        : 197
rms of residuals      (FIT_STDFIT) = sqrt(WSSR/ndf)    : 0.000380621
variance of residuals (reduced chisquare) = WSSR/ndf   : 1.44872e-07

Final set of parameters            Asymptotic Standard Error
=======================            ==========================
a               = 0.0139312        +/- 0.009028     (64.8%)
b               = -0.0217239       +/- 0.001874     (8.624%)
c               = 0.00353183       +/- 8.156e-05    (2.309%)

correlation matrix of the fit parameters:
                a      b      c      
a               1.000 
b              -0.969  1.000 
c               0.749 -0.868  1.000 


*******************************************************************************
Sat Jul 15 21:25:37 2023


FIT:    data read from sprintf('unimr0.0%d.csv', i) using 1:2
        format = x:z
        x range restricted to [0.00000 : 0.200000]
        #datapoints = 200
        residuals are weighted equally (unit weight)

function used for fitting: f(x)
	f(x) = a*x**2 + b*x + c
fitted parameters initialized with current variable values

iter      chisq       delta/lim  lambda   a             b             c            
   0 2.4875349296e+02   0.00e+00  5.81e-01    1.000000e+00   1.000000e+00   1.000000e+00
   5 8.5084262984e-06  -6.97e-05  5.81e-06    5.100222e-02  -2.392008e-02   2.619772e-03

After 5 iterations the fit converged.
final sum of squares of residuals : 8.50843e-06
rel. change during last iteration : -6.96577e-10

degrees of freedom    (FIT_NDF)                        : 197
rms of residuals      (FIT_STDFIT) = sqrt(WSSR/ndf)    : 0.000207822
variance of residuals (reduced chisquare) = WSSR/ndf   : 4.319e-08

Final set of parameters            Asymptotic Standard Error
=======================            ==========================
a               = 0.0510022        +/- 0.004929     (9.665%)
b               = -0.0239201       +/- 0.001023     (4.277%)
c               = 0.00261977       +/- 4.453e-05    (1.7%)

correlation matrix of the fit parameters:
                a      b      c      
a               1.000 
b              -0.969  1.000 
c               0.749 -0.868  1.000 


*******************************************************************************
Sat Jul 15 21:25:37 2023


FIT:    data read from sprintf('unimr0.0%d.csv', i) using 1:2
        format = x:z
        x range restricted to [0.00000 : 0.200000]
        #datapoints = 200
        residuals are weighted equally (unit weight)

function used for fitting: f(x)
	f(x) = a*x**2 + b*x + c
fitted parameters initialized with current variable values

iter      chisq       delta/lim  lambda   a             b             c            
   0 1.2998105570e-04   0.00e+00  2.27e-03    5.100222e-02  -2.392008e-02   2.619772e-03
   3 2.8539845930e-05  -3.28e-01  2.27e-06    1.393120e-02  -2.172393e-02   3.531828e-03

After 3 iterations the fit converged.
final sum of squares of residuals : 2.85398e-05
rel. change during last iteration : -3.27576e-06

degrees of freedom    (FIT_NDF)                        : 197
rms of residuals      (FIT_STDFIT) = sqrt(WSSR/ndf)    : 0.000380621
variance of residuals (reduced chisquare) = WSSR/ndf   : 1.44872e-07

Final set of parameters            Asymptotic Standard Error
=======================            ==========================
a               = 0.0139312        +/- 0.009028     (64.8%)
b               = -0.0217239       +/- 0.001874     (8.624%)
c               = 0.00353183       +/- 8.156e-05    (2.309%)

correlation matrix of the fit parameters:
                a      b      c      
a               1.000 
b              -0.969  1.000 
c               0.749 -0.868  1.000 


*******************************************************************************
Sat Jul 15 21:25:49 2023


FIT:    data read from sprintf('unimr0.0%d.csv', i) using 1:2
        format = x:z
        x range restricted to [0.00000 : 0.200000]
        #datapoints = 200
        residuals are weighted equally (unit weight)

function used for fitting: f(x)
	f(x) = a*x**2 + b*x + c
fitted parameters initialized with current variable values

iter      chisq       delta/lim  lambda   a             b             c            
   0 2.4875349296e+02   0.00e+00  5.81e-01    1.000000e+00   1.000000e+00   1.000000e+00
   5 8.5084262984e-06  -6.97e-05  5.81e-06    5.100222e-02  -2.392008e-02   2.619772e-03

After 5 iterations the fit converged.
final sum of squares of residuals : 8.50843e-06
rel. change during last iteration : -6.96577e-10

degrees of freedom    (FIT_NDF)                        : 197
rms of residuals      (FIT_STDFIT) = sqrt(WSSR/ndf)    : 0.000207822
variance of residuals (reduced chisquare) = WSSR/ndf   : 4.319e-08

Final set of parameters            Asymptotic Standard Error
=======================            ==========================
a               = 0.0510022        +/- 0.004929     (9.665%)
b               = -0.0239201       +/- 0.001023     (4.277%)
c               = 0.00261977       +/- 4.453e-05    (1.7%)

correlation matrix of the fit parameters:
                a      b      c      
a               1.000 
b              -0.969  1.000 
c               0.749 -0.868  1.000 


*******************************************************************************
Sat Jul 15 21:25:49 2023


FIT:    data read from sprintf('unimr0.0%d.csv', i) using 1:2
        format = x:z
        x range restricted to [0.00000 : 0.200000]
        #datapoints = 200
        residuals are weighted equally (unit weight)

function used for fitting: f(x)
	f(x) = a*x**2 + b*x + c
fitted parameters initialized with current variable values

iter      chisq       delta/lim  lambda   a             b             c            
   0 1.2998105570e-04   0.00e+00  2.27e-03    5.100222e-02  -2.392008e-02   2.619772e-03
   3 2.8539845930e-05  -3.28e-01  2.27e-06    1.393120e-02  -2.172393e-02   3.531828e-03

After 3 iterations the fit converged.
final sum of squares of residuals : 2.85398e-05
rel. change during last iteration : -3.27576e-06

degrees of freedom    (FIT_NDF)                        : 197
rms of residuals      (FIT_STDFIT) = sqrt(WSSR/ndf)    : 0.000380621
variance of residuals (reduced chisquare) = WSSR/ndf   : 1.44872e-07

Final set of parameters            Asymptotic Standard Error
=======================            ==========================
a               = 0.0139312        +/- 0.009028     (64.8%)
b               = -0.0217239       +/- 0.001874     (8.624%)
c               = 0.00353183       +/- 8.156e-05    (2.309%)

correlation matrix of the fit parameters:
                a      b      c      
a               1.000 
b              -0.969  1.000 
c               0.749 -0.868  1.000 


*******************************************************************************
Sat Jul 15 21:25:57 2023


FIT:    data read from sprintf('unimr0.0%d.csv', i) using 1:2
        format = x:z
        x range restricted to [0.00000 : 0.200000]
        #datapoints = 200
        residuals are weighted equally (unit weight)

function used for fitting: f(x)
	f(x) = a*x**2 + b*x + c
fitted parameters initialized with current variable values

iter      chisq       delta/lim  lambda   a             b             c            
   0 2.4875349296e+02   0.00e+00  5.81e-01    1.000000e+00   1.000000e+00   1.000000e+00
   5 8.5084262984e-06  -6.97e-05  5.81e-06    5.100222e-02  -2.392008e-02   2.619772e-03

After 5 iterations the fit converged.
final sum of squares of residuals : 8.50843e-06
rel. change during last iteration : -6.96577e-10

degrees of freedom    (FIT_NDF)                        : 197
rms of residuals      (FIT_STDFIT) = sqrt(WSSR/ndf)    : 0.000207822
variance of residuals (reduced chisquare) = WSSR/ndf   : 4.319e-08

Final set of parameters            Asymptotic Standard Error
=======================            ==========================
a               = 0.0510022        +/- 0.004929     (9.665%)
b               = -0.0239201       +/- 0.001023     (4.277%)
c               = 0.00261977       +/- 4.453e-05    (1.7%)

correlation matrix of the fit parameters:
                a      b      c      
a               1.000 
b              -0.969  1.000 
c               0.749 -0.868  1.000 


*******************************************************************************
Sat Jul 15 21:25:57 2023


FIT:    data read from sprintf('unimr0.0%d.csv', i) using 1:2
        format = x:z
        x range restricted to [0.00000 : 0.200000]
        #datapoints = 200
        residuals are weighted equally (unit weight)

function used for fitting: f(x)
	f(x) = a*x**2 + b*x + c
fitted parameters initialized with current variable values

iter      chisq       delta/lim  lambda   a             b             c            
   0 1.2998105570e-04   0.00e+00  2.27e-03    5.100222e-02  -2.392008e-02   2.619772e-03
   3 2.8539845930e-05  -3.28e-01  2.27e-06    1.393120e-02  -2.172393e-02   3.531828e-03

After 3 iterations the fit converged.
final sum of squares of residuals : 2.85398e-05
rel. change during last iteration : -3.27576e-06

degrees of freedom    (FIT_NDF)                        : 197
rms of residuals      (FIT_STDFIT) = sqrt(WSSR/ndf)    : 0.000380621
variance of residuals (reduced chisquare) = WSSR/ndf   : 1.44872e-07

Final set of parameters            Asymptotic Standard Error
=======================            ==========================
a               = 0.0139312        +/- 0.009028     (64.8%)
b               = -0.0217239       +/- 0.001874     (8.624%)
c               = 0.00353183       +/- 8.156e-05    (2.309%)

correlation matrix of the fit parameters:
                a      b      c      
a               1.000 
b              -0.969  1.000 
c               0.749 -0.868  1.000 


*******************************************************************************
Sat Jul 15 21:27:48 2023


FIT:    data read from sprintf('unimr0.0%d.csv', i) using 1:2
        format = x:z
        x range restricted to [0.00000 : 0.200000]
        #datapoints = 200
        residuals are weighted equally (unit weight)

function used for fitting: f(x)
	f(x) = a*x**3 + b*x**2 + c*x + d
fitted parameters initialized with current variable values



*******************************************************************************
Sat Jul 15 21:28:24 2023


FIT:    data read from sprintf('unimr0.0%d.csv', i) using 1:2
        format = x:z
        x range restricted to [0.00000 : 0.200000]
        #datapoints = 200
        residuals are weighted equally (unit weight)

function used for fitting: f(x)
	f(x) = a*x**3 + b*x**2 + c*x + d
fitted parameters initialized with current variable values

iter      chisq       delta/lim  lambda   a             b             c             d            
   0 2.4971450381e+02   0.00e+00  5.03e-01    1.000000e+00   1.000000e+00   1.000000e+00   1.000000e+00
   6 4.2790460870e-06  -7.66e-06  5.03e-07    9.620295e-01  -2.390497e-01  -5.417058e-04   2.223310e-03

After 6 iterations the fit converged.
final sum of squares of residuals : 4.27905e-06
rel. change during last iteration : -7.66245e-11

degrees of freedom    (FIT_NDF)                        : 196
rms of residuals      (FIT_STDFIT) = sqrt(WSSR/ndf)    : 0.000147756
variance of residuals (reduced chisquare) = WSSR/ndf   : 2.18319e-08

Final set of parameters            Asymptotic Standard Error
=======================            ==========================
a               = 0.96203          +/- 0.06912      (7.185%)
b               = -0.23905         +/- 0.02113      (8.84%)
c               = -0.000541706     +/- 0.00183      (337.9%)
d               = 0.00222331       +/- 4.259e-05    (1.916%)

correlation matrix of the fit parameters:
                a      b      c      d      
a               1.000 
b              -0.986  1.000 
c               0.918 -0.969  1.000 
d              -0.669  0.752 -0.870  1.000 


*******************************************************************************
Sat Jul 15 21:28:24 2023


FIT:    data read from sprintf('unimr0.0%d.csv', i) using 1:2
        format = x:z
        x range restricted to [0.00000 : 0.200000]
        #datapoints = 200
        residuals are weighted equally (unit weight)

function used for fitting: f(x)
	f(x) = a*x**3 + b*x**2 + c*x + d
fitted parameters initialized with current variable values

iter      chisq       delta/lim  lambda   a             b             c             d            
   0 1.1947698191e-04   0.00e+00  2.83e-03    9.620295e-01  -2.390497e-01  -5.417058e-04   2.223310e-03
   5 1.5708493821e-05  -2.31e-02  2.83e-08    1.675661e+00  -4.912807e-01   1.899649e-02   2.841270e-03

After 5 iterations the fit converged.
final sum of squares of residuals : 1.57085e-05
rel. change during last iteration : -2.30648e-07

degrees of freedom    (FIT_NDF)                        : 196
rms of residuals      (FIT_STDFIT) = sqrt(WSSR/ndf)    : 0.0002831
variance of residuals (reduced chisquare) = WSSR/ndf   : 8.01454e-08

Final set of parameters            Asymptotic Standard Error
=======================            ==========================
a               = 1.67566          +/- 0.1324       (7.903%)
b               = -0.491281        +/- 0.04049      (8.241%)
c               = 0.0189965        +/- 0.003507     (18.46%)
d               = 0.00284127       +/- 8.16e-05     (2.872%)

correlation matrix of the fit parameters:
                a      b      c      d      
a               1.000 
b              -0.986  1.000 
c               0.918 -0.969  1.000 
d              -0.669  0.752 -0.870  1.000 


*******************************************************************************
Sat Jul 15 21:28:50 2023


FIT:    data read from sprintf('unimr0.0%d.csv', i) using 1:2
        format = x:z
        x range restricted to [0.00000 : 0.200000]
        #datapoints = 200
        residuals are weighted equally (unit weight)

function used for fitting: f(x)
	f(x) = a*x**3 + b*x**2 + c*x + d
fitted parameters initialized with current variable values

iter      chisq       delta/lim  lambda   a             b             c             d            
   0 2.4971450381e+02   0.00e+00  5.03e-01    1.000000e+00   1.000000e+00   1.000000e+00   1.000000e+00
   6 4.2790460870e-06  -7.66e-06  5.03e-07    9.620295e-01  -2.390497e-01  -5.417058e-04   2.223310e-03

After 6 iterations the fit converged.
final sum of squares of residuals : 4.27905e-06
rel. change during last iteration : -7.66245e-11

degrees of freedom    (FIT_NDF)                        : 196
rms of residuals      (FIT_STDFIT) = sqrt(WSSR/ndf)    : 0.000147756
variance of residuals (reduced chisquare) = WSSR/ndf   : 2.18319e-08

Final set of parameters            Asymptotic Standard Error
=======================            ==========================
a               = 0.96203          +/- 0.06912      (7.185%)
b               = -0.23905         +/- 0.02113      (8.84%)
c               = -0.000541706     +/- 0.00183      (337.9%)
d               = 0.00222331       +/- 4.259e-05    (1.916%)

correlation matrix of the fit parameters:
                a      b      c      d      
a               1.000 
b              -0.986  1.000 
c               0.918 -0.969  1.000 
d              -0.669  0.752 -0.870  1.000 


*******************************************************************************
Sat Jul 15 21:28:50 2023


FIT:    data read from sprintf('unimr0.0%d.csv', i) using 1:2
        format = x:z
        x range restricted to [0.00000 : 0.200000]
        #datapoints = 200
        residuals are weighted equally (unit weight)

function used for fitting: f(x)
	f(x) = a*x**3 + b*x**2 + c*x + d
fitted parameters initialized with current variable values

iter      chisq       delta/lim  lambda   a             b             c             d            
   0 1.1947698191e-04   0.00e+00  2.83e-03    9.620295e-01  -2.390497e-01  -5.417058e-04   2.223310e-03
   5 1.5708493821e-05  -2.31e-02  2.83e-08    1.675661e+00  -4.912807e-01   1.899649e-02   2.841270e-03

After 5 iterations the fit converged.
final sum of squares of residuals : 1.57085e-05
rel. change during last iteration : -2.30648e-07

degrees of freedom    (FIT_NDF)                        : 196
rms of residuals      (FIT_STDFIT) = sqrt(WSSR/ndf)    : 0.0002831
variance of residuals (reduced chisquare) = WSSR/ndf   : 8.01454e-08

Final set of parameters            Asymptotic Standard Error
=======================            ==========================
a               = 1.67566          +/- 0.1324       (7.903%)
b               = -0.491281        +/- 0.04049      (8.241%)
c               = 0.0189965        +/- 0.003507     (18.46%)
d               = 0.00284127       +/- 8.16e-05     (2.872%)

correlation matrix of the fit parameters:
                a      b      c      d      
a               1.000 
b              -0.986  1.000 
c               0.918 -0.969  1.000 
d              -0.669  0.752 -0.870  1.000 


*******************************************************************************
Sat Jul 15 21:34:39 2023


FIT:    data read from sprintf('unimr0.0%d.csv', i) using 1:2
        format = x:z
        x range restricted to [0.00000 : 0.200000]
        #datapoints = 200
        residuals are weighted equally (unit weight)

function used for fitting: f(x)
	f(x) = a*x**3 + b*x**2 + c*x + d
fitted parameters initialized with current variable values

iter      chisq       delta/lim  lambda   a             b             c             d            
   0 2.4971450381e+02   0.00e+00  5.03e-01    1.000000e+00   1.000000e+00   1.000000e+00   1.000000e+00
   6 4.2790460870e-06  -7.66e-06  5.03e-07    9.620295e-01  -2.390497e-01  -5.417058e-04   2.223310e-03

After 6 iterations the fit converged.
final sum of squares of residuals : 4.27905e-06
rel. change during last iteration : -7.66245e-11

degrees of freedom    (FIT_NDF)                        : 196
rms of residuals      (FIT_STDFIT) = sqrt(WSSR/ndf)    : 0.000147756
variance of residuals (reduced chisquare) = WSSR/ndf   : 2.18319e-08

Final set of parameters            Asymptotic Standard Error
=======================            ==========================
a               = 0.96203          +/- 0.06912      (7.185%)
b               = -0.23905         +/- 0.02113      (8.84%)
c               = -0.000541706     +/- 0.00183      (337.9%)
d               = 0.00222331       +/- 4.259e-05    (1.916%)

correlation matrix of the fit parameters:
                a      b      c      d      
a               1.000 
b              -0.986  1.000 
c               0.918 -0.969  1.000 
d              -0.669  0.752 -0.870  1.000 


*******************************************************************************
Sat Jul 15 21:34:39 2023


FIT:    data read from sprintf('unimr0.0%d.csv', i) using 1:2
        format = x:z
        x range restricted to [0.00000 : 0.200000]
        #datapoints = 200
        residuals are weighted equally (unit weight)

function used for fitting: f(x)
	f(x) = a*x**3 + b*x**2 + c*x + d
fitted parameters initialized with current variable values

iter      chisq       delta/lim  lambda   a             b             c             d            
   0 1.1947698191e-04   0.00e+00  2.83e-03    9.620295e-01  -2.390497e-01  -5.417058e-04   2.223310e-03
   5 1.5708493821e-05  -2.31e-02  2.83e-08    1.675661e+00  -4.912807e-01   1.899649e-02   2.841270e-03

After 5 iterations the fit converged.
final sum of squares of residuals : 1.57085e-05
rel. change during last iteration : -2.30648e-07

degrees of freedom    (FIT_NDF)                        : 196
rms of residuals      (FIT_STDFIT) = sqrt(WSSR/ndf)    : 0.0002831
variance of residuals (reduced chisquare) = WSSR/ndf   : 8.01454e-08

Final set of parameters            Asymptotic Standard Error
=======================            ==========================
a               = 1.67566          +/- 0.1324       (7.903%)
b               = -0.491281        +/- 0.04049      (8.241%)
c               = 0.0189965        +/- 0.003507     (18.46%)
d               = 0.00284127       +/- 8.16e-05     (2.872%)

correlation matrix of the fit parameters:
                a      b      c      d      
a               1.000 
b              -0.986  1.000 
c               0.918 -0.969  1.000 
d              -0.669  0.752 -0.870  1.000 


*******************************************************************************
Sat Jul 15 21:34:39 2023


FIT:    data read from sprintf('unimr0.0%d.csv', i) using 1:2
        format = x:z
        x range restricted to [0.00000 : 0.200000]
        #datapoints = 200
        residuals are weighted equally (unit weight)

function used for fitting: f(x)
	f(x) = a*x**3 + b*x**2 + c*x + d
fitted parameters initialized with current variable values

iter      chisq       delta/lim  lambda   a             b             c             d            
   0 1.8333482393e-04   0.00e+00  5.41e-03    1.675661e+00  -4.912807e-01   1.899649e-02   2.841270e-03
   4 2.9565175666e-05  -4.61e-04  5.41e-07    2.309900e+00  -7.290541e-01   3.941232e-02   3.525351e-03

After 4 iterations the fit converged.
final sum of squares of residuals : 2.95652e-05
rel. change during last iteration : -4.61233e-09

degrees of freedom    (FIT_NDF)                        : 196
rms of residuals      (FIT_STDFIT) = sqrt(WSSR/ndf)    : 0.000388385
variance of residuals (reduced chisquare) = WSSR/ndf   : 1.50843e-07

Final set of parameters            Asymptotic Standard Error
=======================            ==========================
a               = 2.3099           +/- 0.1817       (7.865%)
b               = -0.729054        +/- 0.05555      (7.619%)
c               = 0.0394123        +/- 0.004811     (12.21%)
d               = 0.00352535       +/- 0.0001119    (3.175%)

correlation matrix of the fit parameters:
                a      b      c      d      
a               1.000 
b              -0.986  1.000 
c               0.918 -0.969  1.000 
d              -0.669  0.752 -0.870  1.000 


*******************************************************************************
Sat Jul 15 21:34:39 2023


FIT:    data read from sprintf('unimr0.0%d.csv', i) using 1:2
        format = x:z
        x range restricted to [0.00000 : 0.200000]
        #datapoints = 200
        residuals are weighted equally (unit weight)

function used for fitting: f(x)
	f(x) = a*x**3 + b*x**2 + c*x + d
fitted parameters initialized with current variable values

iter      chisq       delta/lim  lambda   a             b             c             d            
   0 2.7242158202e-04   0.00e+00  7.99e-03    2.309900e+00  -7.290541e-01   3.941232e-02   3.525351e-03
   4 5.4818082331e-05  -2.45e-05  7.99e-07    2.681814e+00  -9.009873e-01   5.634202e-02   4.380426e-03

After 4 iterations the fit converged.
final sum of squares of residuals : 5.48181e-05
rel. change during last iteration : -2.45362e-10

degrees of freedom    (FIT_NDF)                        : 196
rms of residuals      (FIT_STDFIT) = sqrt(WSSR/ndf)    : 0.000528852
variance of residuals (reduced chisquare) = WSSR/ndf   : 2.79684e-07

Final set of parameters            Asymptotic Standard Error
=======================            ==========================
a               = 2.68181          +/- 0.2474       (9.225%)
b               = -0.900987        +/- 0.07564      (8.395%)
c               = 0.056342         +/- 0.006551     (11.63%)
d               = 0.00438043       +/- 0.0001524    (3.48%)

correlation matrix of the fit parameters:
                a      b      c      d      
a               1.000 
b              -0.986  1.000 
c               0.918 -0.969  1.000 
d              -0.669  0.752 -0.870  1.000 


*******************************************************************************
Sat Jul 15 21:34:39 2023


FIT:    data read from sprintf('unimr0.0%d.csv', i) using 1:2
        format = x:z
        x range restricted to [0.00000 : 0.200000]
        #datapoints = 200
        residuals are weighted equally (unit weight)

function used for fitting: f(x)
	f(x) = a*x**3 + b*x**2 + c*x + d
fitted parameters initialized with current variable values

iter      chisq       delta/lim  lambda   a             b             c             d            
   0 4.8164089732e-04   0.00e+00  9.90e-03    2.681814e+00  -9.009873e-01   5.634202e-02   4.380426e-03
   4 8.8252340423e-05  -9.52e-06  9.90e-07    2.911464e+00  -1.057264e+00   7.733789e-02   5.278361e-03

After 4 iterations the fit converged.
final sum of squares of residuals : 8.82523e-05
rel. change during last iteration : -9.52319e-11

degrees of freedom    (FIT_NDF)                        : 196
rms of residuals      (FIT_STDFIT) = sqrt(WSSR/ndf)    : 0.000671019
variance of residuals (reduced chisquare) = WSSR/ndf   : 4.50267e-07

Final set of parameters            Asymptotic Standard Error
=======================            ==========================
a               = 2.91146          +/- 0.3139       (10.78%)
b               = -1.05726         +/- 0.09597      (9.077%)
c               = 0.0773379        +/- 0.008312     (10.75%)
d               = 0.00527836       +/- 0.0001934    (3.664%)

correlation matrix of the fit parameters:
                a      b      c      d      
a               1.000 
b              -0.986  1.000 
c               0.918 -0.969  1.000 
d              -0.669  0.752 -0.870  1.000 


*******************************************************************************
Sat Jul 15 21:46:00 2023


FIT:    data read from sprintf('unimr0.0%d.csv', i) using 1:2
        format = x:z
        x range restricted to [0.00000 : 0.200000]
        #datapoints = 200
        residuals are weighted equally (unit weight)

function used for fitting: f(x)
	f(x) = a*x**3 + b*x**2 + c*x + d
fitted parameters initialized with current variable values

iter      chisq       delta/lim  lambda   a             b             c             d            
   0 2.4970880181e+02   0.00e+00  5.03e-01    1.000000e+00   1.000000e+00   1.000000e+00   1.000000e+00
   6 9.9067737525e-06  -8.79e-06  5.03e-07    1.142728e+00  -2.922588e-01   3.333536e-03   2.197372e-03

After 6 iterations the fit converged.
final sum of squares of residuals : 9.90677e-06
rel. change during last iteration : -8.79428e-11

degrees of freedom    (FIT_NDF)                        : 196
rms of residuals      (FIT_STDFIT) = sqrt(WSSR/ndf)    : 0.000224822
variance of residuals (reduced chisquare) = WSSR/ndf   : 5.05448e-08

Final set of parameters            Asymptotic Standard Error
=======================            ==========================
a               = 1.14273          +/- 0.1052       (9.203%)
b               = -0.292259        +/- 0.03215      (11%)
c               = 0.00333354       +/- 0.002785     (83.55%)
d               = 0.00219737       +/- 6.48e-05     (2.949%)

correlation matrix of the fit parameters:
                a      b      c      d      
a               1.000 
b              -0.986  1.000 
c               0.918 -0.969  1.000 
d              -0.669  0.752 -0.870  1.000 


*******************************************************************************
Sat Jul 15 21:46:00 2023


FIT:    data read from sprintf('unimr0.0%d.csv', i) using 1:2
        format = x:z
        x range restricted to [0.00000 : 0.200000]
        #datapoints = 200
        residuals are weighted equally (unit weight)

function used for fitting: f(x)
	f(x) = a*x**3 + b*x**2 + c*x + d
fitted parameters initialized with current variable values

iter      chisq       delta/lim  lambda   a             b             c             d            
   0 1.1715307389e-04   0.00e+00  3.35e-03    1.142728e+00  -2.922588e-01   3.333536e-03   2.197372e-03
   5 1.6808542772e-05  -2.77e-08  3.35e-08    1.727889e+00  -5.118684e-01   2.099251e-02   2.811817e-03

After 5 iterations the fit converged.
final sum of squares of residuals : 1.68085e-05
rel. change during last iteration : -2.77363e-13

degrees of freedom    (FIT_NDF)                        : 196
rms of residuals      (FIT_STDFIT) = sqrt(WSSR/ndf)    : 0.000292844
variance of residuals (reduced chisquare) = WSSR/ndf   : 8.57579e-08

Final set of parameters            Asymptotic Standard Error
=======================            ==========================
a               = 1.72789          +/- 0.137        (7.928%)
b               = -0.511868        +/- 0.04188      (8.182%)
c               = 0.0209925        +/- 0.003628     (17.28%)
d               = 0.00281182       +/- 8.441e-05    (3.002%)

correlation matrix of the fit parameters:
                a      b      c      d      
a               1.000 
b              -0.986  1.000 
c               0.918 -0.969  1.000 
d              -0.669  0.752 -0.870  1.000 


*******************************************************************************
Sat Jul 15 21:46:00 2023


FIT:    data read from sprintf('unimr0.0%d.csv', i) using 1:2
        format = x:z
        x range restricted to [0.00000 : 0.200000]
        #datapoints = 200
        residuals are weighted equally (unit weight)

function used for fitting: f(x)
	f(x) = a*x**3 + b*x**2 + c*x + d
fitted parameters initialized with current variable values

iter      chisq       delta/lim  lambda   a             b             c             d            
   0 1.7311347817e-04   0.00e+00  5.62e-03    1.727889e+00  -5.118684e-01   2.099251e-02   2.811817e-03
   4 2.6926640960e-05  -1.67e-04  5.62e-07    2.119925e+00  -6.753643e-01   3.545175e-02   3.569999e-03

After 4 iterations the fit converged.
final sum of squares of residuals : 2.69266e-05
rel. change during last iteration : -1.67043e-09

degrees of freedom    (FIT_NDF)                        : 196
rms of residuals      (FIT_STDFIT) = sqrt(WSSR/ndf)    : 0.000370649
variance of residuals (reduced chisquare) = WSSR/ndf   : 1.37381e-07

Final set of parameters            Asymptotic Standard Error
=======================            ==========================
a               = 2.11992          +/- 0.1734       (8.179%)
b               = -0.675364        +/- 0.05301      (7.849%)
c               = 0.0354518        +/- 0.004591     (12.95%)
d               = 0.00357          +/- 0.0001068    (2.993%)

correlation matrix of the fit parameters:
                a      b      c      d      
a               1.000 
b              -0.986  1.000 
c               0.918 -0.969  1.000 
d              -0.669  0.752 -0.870  1.000 


*******************************************************************************
Sat Jul 15 21:46:00 2023


FIT:    data read from sprintf('unimr0.0%d.csv', i) using 1:2
        format = x:z
        x range restricted to [0.00000 : 0.200000]
        #datapoints = 200
        residuals are weighted equally (unit weight)

function used for fitting: f(x)
	f(x) = a*x**3 + b*x**2 + c*x + d
fitted parameters initialized with current variable values

iter      chisq       delta/lim  lambda   a             b             c             d            
   0 2.6695429362e-04   0.00e+00  7.40e-03    2.119925e+00  -6.753643e-01   3.545175e-02   3.569999e-03
   4 5.4302101967e-05  -5.56e-05  7.40e-07    2.715290e+00  -9.103569e-01   5.697287e-02   4.347007e-03

After 4 iterations the fit converged.
final sum of squares of residuals : 5.43021e-05
rel. change during last iteration : -5.55518e-10

degrees of freedom    (FIT_NDF)                        : 196
rms of residuals      (FIT_STDFIT) = sqrt(WSSR/ndf)    : 0.000526357
variance of residuals (reduced chisquare) = WSSR/ndf   : 2.77052e-07

Final set of parameters            Asymptotic Standard Error
=======================            ==========================
a               = 2.71529          +/- 0.2462       (9.068%)
b               = -0.910357        +/- 0.07528      (8.269%)
c               = 0.0569729        +/- 0.00652      (11.44%)
d               = 0.00434701       +/- 0.0001517    (3.49%)

correlation matrix of the fit parameters:
                a      b      c      d      
a               1.000 
b              -0.986  1.000 
c               0.918 -0.969  1.000 
d              -0.669  0.752 -0.870  1.000 


*******************************************************************************
Sat Jul 15 21:46:00 2023


FIT:    data read from sprintf('unimr0.0%d.csv', i) using 1:2
        format = x:z
        x range restricted to [0.00000 : 0.200000]
        #datapoints = 200
        residuals are weighted equally (unit weight)

function used for fitting: f(x)
	f(x) = a*x**3 + b*x**2 + c*x + d
fitted parameters initialized with current variable values

iter      chisq       delta/lim  lambda   a             b             c             d            
   0 4.9132745932e-04   0.00e+00  1.00e-02    2.715290e+00  -9.103569e-01   5.697287e-02   4.347007e-03
   4 9.8644853899e-05  -1.11e-06  1.00e-06    2.258150e+00  -8.491622e-01   6.042259e-02   5.481575e-03

After 4 iterations the fit converged.
final sum of squares of residuals : 9.86449e-05
rel. change during last iteration : -1.10913e-11

degrees of freedom    (FIT_NDF)                        : 196
rms of residuals      (FIT_STDFIT) = sqrt(WSSR/ndf)    : 0.000709429
variance of residuals (reduced chisquare) = WSSR/ndf   : 5.0329e-07

Final set of parameters            Asymptotic Standard Error
=======================            ==========================
a               = 2.25815          +/- 0.3319       (14.7%)
b               = -0.849162        +/- 0.1015       (11.95%)
c               = 0.0604226        +/- 0.008788     (14.54%)
d               = 0.00548158       +/- 0.0002045    (3.73%)

correlation matrix of the fit parameters:
                a      b      c      d      
a               1.000 
b              -0.986  1.000 
c               0.918 -0.969  1.000 
d              -0.669  0.752 -0.870  1.000 


*******************************************************************************
Sun Jul 16 22:14:33 2023


FIT:    data read from "unimr0.1.csv" using 1:2
        format = x:z
        #datapoints = 200
        residuals are weighted equally (unit weight)

function used for fitting: f(x)
	f(x) = a*x**2 + b*x + c
fitted parameters initialized with current variable values

iter      chisq       delta/lim  lambda   a             b             c            
   0 2.4683427628e+02   0.00e+00  5.81e-01    1.000000e+00   1.000000e+00   1.000000e+00
   5 1.4640725903e-04  -7.09e-06  5.81e-06   -1.848866e-01   7.168078e-03   7.045736e-03

After 5 iterations the fit converged.
final sum of squares of residuals : 0.000146407
rel. change during last iteration : -7.08625e-11

degrees of freedom    (FIT_NDF)                        : 197
rms of residuals      (FIT_STDFIT) = sqrt(WSSR/ndf)    : 0.000862081
variance of residuals (reduced chisquare) = WSSR/ndf   : 7.43184e-07

Final set of parameters            Asymptotic Standard Error
=======================            ==========================
a               = -0.184887        +/- 0.02045      (11.06%)
b               = 0.00716808       +/- 0.004243     (59.2%)
c               = 0.00704574       +/- 0.0001847    (2.622%)

correlation matrix of the fit parameters:
                a      b      c      
a               1.000 
b              -0.969  1.000 
c               0.749 -0.868  1.000 


*******************************************************************************
Sun Jul 16 22:22:05 2023


FIT:    data read from "unimr0.1.csv" using 1:2
        format = x:z
        #datapoints = 200
        residuals are weighted equally (unit weight)

function used for fitting: f(x)
	f(x) = a*x**2 + b*x + c
fitted parameters initialized with current variable values

iter      chisq       delta/lim  lambda   a             b             c            
   0 2.4683427628e+02   0.00e+00  5.81e-01    1.000000e+00   1.000000e+00   1.000000e+00
   5 1.4640725903e-04  -7.09e-06  5.81e-06   -1.848866e-01   7.168078e-03   7.045736e-03

After 5 iterations the fit converged.
final sum of squares of residuals : 0.000146407
rel. change during last iteration : -7.08625e-11

degrees of freedom    (FIT_NDF)                        : 197
rms of residuals      (FIT_STDFIT) = sqrt(WSSR/ndf)    : 0.000862081
variance of residuals (reduced chisquare) = WSSR/ndf   : 7.43184e-07

Final set of parameters            Asymptotic Standard Error
=======================            ==========================
a               = -0.184887        +/- 0.02045      (11.06%)
b               = 0.00716808       +/- 0.004243     (59.2%)
c               = 0.00704574       +/- 0.0001847    (2.622%)

correlation matrix of the fit parameters:
                a      b      c      
a               1.000 
b              -0.969  1.000 
c               0.749 -0.868  1.000 


*******************************************************************************
Sun Jul 16 22:23:07 2023


FIT:    data read from "unimr0.1.csv" using 1:2
        format = x:z
        #datapoints = 200
        residuals are weighted equally (unit weight)

function used for fitting: f(x)
fitted parameters initialized with current variable values



*******************************************************************************
Sun Jul 16 22:23:15 2023


FIT:    data read from "unimr0.1.csv" using 1:2
        format = x:z
        #datapoints = 200
        residuals are weighted equally (unit weight)

function used for fitting: f(x)
	f(x) = a*x**2 + b*x + c
fitted parameters initialized with current variable values

iter      chisq       delta/lim  lambda   a             b             c            
   0 2.4683427628e+02   0.00e+00  5.81e-01    1.000000e+00   1.000000e+00   1.000000e+00
   5 1.4640725903e-04  -7.09e-06  5.81e-06   -1.848866e-01   7.168078e-03   7.045736e-03

After 5 iterations the fit converged.
final sum of squares of residuals : 0.000146407
rel. change during last iteration : -7.08625e-11

degrees of freedom    (FIT_NDF)                        : 197
rms of residuals      (FIT_STDFIT) = sqrt(WSSR/ndf)    : 0.000862081
variance of residuals (reduced chisquare) = WSSR/ndf   : 7.43184e-07

Final set of parameters            Asymptotic Standard Error
=======================            ==========================
a               = -0.184887        +/- 0.02045      (11.06%)
b               = 0.00716808       +/- 0.004243     (59.2%)
c               = 0.00704574       +/- 0.0001847    (2.622%)

correlation matrix of the fit parameters:
                a      b      c      
a               1.000 
b              -0.969  1.000 
c               0.749 -0.868  1.000 


*******************************************************************************
Sun Jul 16 22:31:13 2023


FIT:    data read from "unimr0.1.csv" using 1:2
        format = x:z
        #datapoints = 200
        residuals are weighted equally (unit weight)

function used for fitting: f(x)
	f(x) = a*x**2 + b*x + c
fitted parameters initialized with current variable values

iter      chisq       delta/lim  lambda   a             b             c            
   0 2.4683427628e+02   0.00e+00  5.81e-01    1.000000e+00   1.000000e+00   1.000000e+00
   5 1.4640725903e-04  -7.09e-06  5.81e-06   -1.848866e-01   7.168078e-03   7.045736e-03

After 5 iterations the fit converged.
final sum of squares of residuals : 0.000146407
rel. change during last iteration : -7.08625e-11

degrees of freedom    (FIT_NDF)                        : 197
rms of residuals      (FIT_STDFIT) = sqrt(WSSR/ndf)    : 0.000862081
variance of residuals (reduced chisquare) = WSSR/ndf   : 7.43184e-07

Final set of parameters            Asymptotic Standard Error
=======================            ==========================
a               = -0.184887        +/- 0.02045      (11.06%)
b               = 0.00716808       +/- 0.004243     (59.2%)
c               = 0.00704574       +/- 0.0001847    (2.622%)

correlation matrix of the fit parameters:
                a      b      c      
a               1.000 
b              -0.969  1.000 
c               0.749 -0.868  1.000 


*******************************************************************************
Sun Jul 16 22:31:45 2023


FIT:    data read from "unimr0.1.csv" using 1:2
        format = x:z
        #datapoints = 200
        residuals are weighted equally (unit weight)

function used for fitting: f(x)
	f(x) = a*x**2 + b*x + c
fitted parameters initialized with current variable values

iter      chisq       delta/lim  lambda   a             b             c            
   0 2.4683427628e+02   0.00e+00  5.81e-01    1.000000e+00   1.000000e+00   1.000000e+00
   5 1.4640725903e-04  -7.09e-06  5.81e-06   -1.848866e-01   7.168078e-03   7.045736e-03

After 5 iterations the fit converged.
final sum of squares of residuals : 0.000146407
rel. change during last iteration : -7.08625e-11

degrees of freedom    (FIT_NDF)                        : 197
rms of residuals      (FIT_STDFIT) = sqrt(WSSR/ndf)    : 0.000862081
variance of residuals (reduced chisquare) = WSSR/ndf   : 7.43184e-07

Final set of parameters            Asymptotic Standard Error
=======================            ==========================
a               = -0.184887        +/- 0.02045      (11.06%)
b               = 0.00716808       +/- 0.004243     (59.2%)
c               = 0.00704574       +/- 0.0001847    (2.622%)

correlation matrix of the fit parameters:
                a      b      c      
a               1.000 
b              -0.969  1.000 
c               0.749 -0.868  1.000 


*******************************************************************************
Sun Jul 16 22:32:19 2023


FIT:    data read from "unimr0.1.csv" using 1:2
        format = x:z
        #datapoints = 200
        residuals are weighted equally (unit weight)

function used for fitting: f(x)
	f(x) = a*x**2 + b*x + c
fitted parameters initialized with current variable values

iter      chisq       delta/lim  lambda   a             b             c            
   0 2.4683427628e+02   0.00e+00  5.81e-01    1.000000e+00   1.000000e+00   1.000000e+00
   5 1.4640725903e-04  -7.09e-06  5.81e-06   -1.848866e-01   7.168078e-03   7.045736e-03

After 5 iterations the fit converged.
final sum of squares of residuals : 0.000146407
rel. change during last iteration : -7.08625e-11

degrees of freedom    (FIT_NDF)                        : 197
rms of residuals      (FIT_STDFIT) = sqrt(WSSR/ndf)    : 0.000862081
variance of residuals (reduced chisquare) = WSSR/ndf   : 7.43184e-07

Final set of parameters            Asymptotic Standard Error
=======================            ==========================
a               = -0.184887        +/- 0.02045      (11.06%)
b               = 0.00716808       +/- 0.004243     (59.2%)
c               = 0.00704574       +/- 0.0001847    (2.622%)

correlation matrix of the fit parameters:
                a      b      c      
a               1.000 
b              -0.969  1.000 
c               0.749 -0.868  1.000 
